<?xml version="1.0" encoding="utf-8"?>
<TestRun id="adbbb4f1-5e14-46e0-a365-b842373ad458" name="Rashid_Isayev@EPRUPETW05DE 2020-12-15 11:29:32" runUser="PETERSBURG\Rashid_Isayev" xmlns="http://microsoft.com/schemas/VisualStudio/TeamTest/2010">
  <Times creation="2020-12-15T11:29:32.2878625+03:00" queuing="2020-12-15T11:29:32.2878625+03:00" start="2020-12-15T11:28:45.8073810+03:00" finish="2020-12-15T11:29:32.2878625+03:00" />
  <TestSettings name="default" id="5d2cea33-84fb-465b-bb52-13df4303a3bb">
    <Deployment runDeploymentRoot="Rashid_Isayev_EPRUPETW05DE_2020-12-15_11_29_32" />
  </TestSettings>
  <TestLists>
    <TestList name="Results Not in a List" id="8c84fa94-04c1-424b-9868-57a2d4851a1d" />
    <TestList name="All Loaded Results" id="19431567-8539-422a-85d7-44ee4e166bda" />
  </TestLists>
  <ResultSummary outcome="Failed">
    <Counters total="0" executed="0" passed="0" failed="0" error="0" timeout="0" aborted="0" inconclusive="0" passedButRunAborted="0" notRunnable="0" notExecuted="0" disconnected="0" warning="0" completed="0" inProgress="0" pending="0" />
    <Output>
      <StdOut>NUnit Adapter 3.17.0.0: Test execution started&#xD;
Debugging selected tests in C:\Users\Rashid_Isayev\source\Localrepos_GIT\TestingTrello\TestingTrello\bin\Debug\TestingTrello.dll&#xD;
   NUnit3TestExecutor discovered 5 of 5 NUnit test cases&#xD;
</StdOut>
    </Output>
    <RunInfos>
      <RunInfo computerName="EPRUPETW05DE" outcome="Error" timestamp="2020-12-15T11:28:56.4145146+03:00">
        <Text>Aborting test run: test run timeout of 10000 milliseconds exceeded.</Text>
      </RunInfo>
      <RunInfo computerName="EPRUPETW05DE" outcome="Error" timestamp="2020-12-15T11:29:32.2868628+03:00">
        <Text>The active test run was aborted. Reason: Test host process crashed</Text>
      </RunInfo>
    </RunInfos>
  </ResultSummary>
</TestRun>