<?xml version="1.0" encoding="utf-8"?>
<TestRun id="7aee7f5f-3822-4737-b1ef-1aa6d5957d5d" name="Rashid_Isayev@EPRUPETW05DE 2020-11-12 09:49:37" runUser="PETERSBURG\Rashid_Isayev" xmlns="http://microsoft.com/schemas/VisualStudio/TeamTest/2010">
  <Times creation="2020-11-12T09:49:37.9648657+03:00" queuing="2020-11-12T09:49:37.9648657+03:00" start="2020-11-12T09:49:33.5480117+03:00" finish="2020-11-12T09:49:37.9778311+03:00" />
  <TestSettings name="default" id="f91841f2-9d96-4853-8d0f-256a1d7aac84">
    <Deployment runDeploymentRoot="Rashid_Isayev_EPRUPETW05DE_2020-11-12_09_49_37" />
  </TestSettings>
  <Results>
    <UnitTestResult executionId="b75ea632-3cfe-4c0a-96a2-1dafdf4896b4" testId="ee0c7843-0594-06f2-7b70-742c7d7f5148" testName="CreateBoardTest" computerName="EPRUPETW05DE" duration="00:00:00.3140000" startTime="2020-11-12T09:49:36.0000000+03:00" endTime="2020-11-12T09:49:36.0000000+03:00" testType="13cdc9d9-ddb5-4fa4-a97d-d965ccfc6d4b" outcome="Passed" testListId="8c84fa94-04c1-424b-9868-57a2d4851a1d" relativeResultsDirectory="b75ea632-3cfe-4c0a-96a2-1dafdf4896b4">
      <CollectorDataEntries>
        <Collector agentName="EPRUPETW05DE" uri="datacollector://microsoft/VideoRecorder/1.0" collectorDisplayName="Screen and Voice Recorder">
          <UriAttachments>
            <UriAttachment>
              <A href="EPRUPETW05DE\RecordedMedia.trmx"></A>
            </UriAttachment>
            <UriAttachment>
              <A href="EPRUPETW05DE\ScreenCapture.wmv">Screen capture video</A>
            </UriAttachment>
          </UriAttachments>
        </Collector>
      </CollectorDataEntries>
    </UnitTestResult>
  </Results>
  <TestDefinitions>
    <UnitTest name="CreateBoardTest" storage="c:\users\rashid_isayev\source\repos\testingtrello\testingtrello\bin\debug\testingtrello.dll" id="ee0c7843-0594-06f2-7b70-742c7d7f5148">
      <Execution id="b75ea632-3cfe-4c0a-96a2-1dafdf4896b4" />
      <TestMethod codeBase="C:\Users\Rashid_Isayev\source\repos\TestingTrello\TestingTrello\bin\Debug\TestingTrello.dll" adapterTypeName="executor://nunit3testexecutor/" className="TestingTrello.Tests.TrelloApiTests" name="CreateBoardTest" />
    </UnitTest>
  </TestDefinitions>
  <TestEntries>
    <TestEntry testId="ee0c7843-0594-06f2-7b70-742c7d7f5148" executionId="b75ea632-3cfe-4c0a-96a2-1dafdf4896b4" testListId="8c84fa94-04c1-424b-9868-57a2d4851a1d" />
  </TestEntries>
  <TestLists>
    <TestList name="Results Not in a List" id="8c84fa94-04c1-424b-9868-57a2d4851a1d" />
    <TestList name="All Loaded Results" id="19431567-8539-422a-85d7-44ee4e166bda" />
  </TestLists>
  <ResultSummary outcome="Completed">
    <Counters total="1" executed="1" passed="1" failed="0" error="0" timeout="0" aborted="0" inconclusive="0" passedButRunAborted="0" notRunnable="0" notExecuted="0" disconnected="0" warning="0" completed="0" inProgress="0" pending="0" />
    <Output>
      <StdOut>NUnit Adapter 3.17.0.0: Test execution started&#xD;
Debugging selected tests in C:\Users\Rashid_Isayev\source\repos\TestingTrello\TestingTrello\bin\Debug\TestingTrello.dll&#xD;
   NUnit3TestExecutor discovered 1 of 1 NUnit test cases&#xD;
NUnit Adapter 3.17.0.0: Test execution complete&#xD;
</StdOut>
    </Output>
    <RunInfos>
      <RunInfo computerName="EPRUPETW05DE" outcome="Warning" timestamp="2020-11-12T09:49:37.9439217+03:00">
        <Text>Data collector 'Screen and Voice Recorder' message: The computer 'EPRUPETW05DE' has more than one display. By default, only the screen from the primary display will be recorded. Run your application in this display. To know the primary display, you can use the Screen Resolution applet in Control Panel..</Text>
      </RunInfo>
    </RunInfos>
  </ResultSummary>
</TestRun>